<?xml version='1.0' encoding='UTF-8'?>
<testsuite hostname="WINDAZ" name="codecs.CodecsSuite" tests="14" errors="0" failures="12" skipped="0" time="0.15" timestamp="2021-08-08T20:05:26">
          <properties>
[...]
</properties>
          <testcase classname="codecs.CodecsSuite" name="it is possible to encode and decode the 'Unit' value (0pts)" time="0.118">
                      
                    </testcase><testcase classname="codecs.CodecsSuite" name="it is possible to encode and decode 'Int' values (1pt)" time="0.01">
                      <failure message="java.lang.AssertionError: An exception was thrown during property evaluation: java.lang.AssertionError: No given decoder could be found." type="sbt.ForkMain$ForkError">sbt.ForkMain$ForkError: java.lang.AssertionError: An exception was thrown during property evaluation: java.lang.AssertionError: No given decoder could be found.
	at codecs.CodecsSuite.fail$1(CodecsSuite.scala:18)
	at codecs.CodecsSuite.checkProperty(CodecsSuite.scala:23)
	at codecs.CodecsSuite.$init$$$anonfun$2(CodecsSuite.scala:39)
	at scala.runtime.java8.JFunction0$mcV$sp.apply(JFunction0$mcV$sp.scala:18)
</failure>
                    </testcase><testcase classname="codecs.CodecsSuite" name="the 'Int' decoder should reject invalid 'Int' values (2pts)" time="0.0">
                      <failure message="java.lang.AssertionError: No given decoder could be found" type="sbt.ForkMain$ForkError">sbt.ForkMain$ForkError: java.lang.AssertionError: No given decoder could be found
	at codecs.DecoderFallbackInstance.decoderSentinel(CodecsSuite.scala:122)
	at codecs.DecoderFallbackInstance.decoderSentinel$(CodecsSuite.scala:119)
	at codecs.CodecsSuite.decoderSentinel(CodecsSuite.scala:8)
	at codecs.CodecsSuite.$init$$$anonfun$3(CodecsSuite.scala:43)
	at scala.runtime.java8.JFunction0$mcV$sp.apply(JFunction0$mcV$sp.scala:18)
</failure>
                    </testcase><testcase classname="codecs.CodecsSuite" name="a 'String' value should be encoded as a JSON string (1pt)" time="0.0">
                      <failure message="scala.NotImplementedError: an implementation is missing" type="sbt.ForkMain$ForkError">sbt.ForkMain$ForkError: scala.NotImplementedError: an implementation is missing
	at scala.Predef$.$qmark$qmark$qmark(Predef.scala:345)
	at codecs.EncoderInstances.stringEncoder(Codecs.scala:85)
	at codecs.EncoderInstances.stringEncoder$(Codecs.scala:73)
	at codecs.CodecsSuite.stringEncoder(CodecsSuite.scala:8)
	at codecs.CodecsSuite.$init$$$anonfun$4(CodecsSuite.scala:48)
	at scala.runtime.java8.JFunction0$mcV$sp.apply(JFunction0$mcV$sp.scala:18)
</failure>
                    </testcase><testcase classname="codecs.CodecsSuite" name="it is possible to encode and decode 'String' values (1pt)" time="0.005">
                      <failure message="java.lang.AssertionError: An exception was thrown during property evaluation: scala.NotImplementedError: an implementation is missing." type="sbt.ForkMain$ForkError">sbt.ForkMain$ForkError: java.lang.AssertionError: An exception was thrown during property evaluation: scala.NotImplementedError: an implementation is missing.
	at codecs.CodecsSuite.fail$1(CodecsSuite.scala:18)
	at codecs.CodecsSuite.checkProperty(CodecsSuite.scala:23)
	at codecs.CodecsSuite.$init$$$anonfun$5(CodecsSuite.scala:52)
	at scala.runtime.java8.JFunction0$mcV$sp.apply(JFunction0$mcV$sp.scala:18)
</failure>
                    </testcase><testcase classname="codecs.CodecsSuite" name="a 'Boolean' value should be encoded as a JSON boolean (1pt)" time="0.0">
                      <failure message="java.lang.AssertionError: No given encoder could be found" type="sbt.ForkMain$ForkError">sbt.ForkMain$ForkError: java.lang.AssertionError: No given encoder could be found
	at codecs.EncoderFallbackInstance.encoderSentinel(CodecsSuite.scala:113)
	at codecs.EncoderFallbackInstance.encoderSentinel$(CodecsSuite.scala:110)
	at codecs.CodecsSuite.encoderSentinel(CodecsSuite.scala:8)
	at codecs.CodecsSuite.$init$$$anonfun$6(CodecsSuite.scala:56)
	at scala.runtime.java8.JFunction0$mcV$sp.apply(JFunction0$mcV$sp.scala:18)
</failure>
                    </testcase><testcase classname="codecs.CodecsSuite" name="it is possible to encode and decode 'Boolean' values (1pt)" time="0.002">
                      <failure message="java.lang.AssertionError: An exception was thrown during property evaluation: java.lang.AssertionError: No given encoder could be found." type="sbt.ForkMain$ForkError">sbt.ForkMain$ForkError: java.lang.AssertionError: An exception was thrown during property evaluation: java.lang.AssertionError: No given encoder could be found.
	at codecs.CodecsSuite.fail$1(CodecsSuite.scala:18)
	at codecs.CodecsSuite.checkProperty(CodecsSuite.scala:23)
	at codecs.CodecsSuite.$init$$$anonfun$7(CodecsSuite.scala:62)
	at scala.runtime.java8.JFunction0$mcV$sp.apply(JFunction0$mcV$sp.scala:18)
</failure>
                    </testcase><testcase classname="codecs.CodecsSuite" name="a 'List[A]' value should be encoded as a JSON array (0pts)" time="0.003">
                      
                    </testcase><testcase classname="codecs.CodecsSuite" name="it is possible to encode and decode lists (5pts)" time="0.003">
                      <failure message="java.lang.AssertionError: An exception was thrown during property evaluation: java.lang.AssertionError: No given decoder could be found." type="sbt.ForkMain$ForkError">sbt.ForkMain$ForkError: java.lang.AssertionError: An exception was thrown during property evaluation: java.lang.AssertionError: No given decoder could be found.
	at codecs.CodecsSuite.fail$1(CodecsSuite.scala:18)
	at codecs.CodecsSuite.checkProperty(CodecsSuite.scala:23)
	at codecs.CodecsSuite.$init$$$anonfun$9(CodecsSuite.scala:72)
	at scala.runtime.java8.JFunction0$mcV$sp.apply(JFunction0$mcV$sp.scala:18)
</failure>
                    </testcase><testcase classname="codecs.CodecsSuite" name="A JSON array with at least one invalid element should be rejected (2pt)" time="0.001">
                      <failure message="java.lang.AssertionError: No given decoder could be found" type="sbt.ForkMain$ForkError">sbt.ForkMain$ForkError: java.lang.AssertionError: No given decoder could be found
	at codecs.DecoderFallbackInstance.decoderSentinel(CodecsSuite.scala:122)
	at codecs.DecoderFallbackInstance.decoderSentinel$(CodecsSuite.scala:119)
	at codecs.CodecsSuite.decoderSentinel(CodecsSuite.scala:8)
	at codecs.CodecsSuite.$init$$$anonfun$10(CodecsSuite.scala:77)
	at scala.runtime.java8.JFunction0$mcV$sp.apply(JFunction0$mcV$sp.scala:18)
</failure>
                    </testcase><testcase classname="codecs.CodecsSuite" name="a 'Person' value should be encoded as a JSON object (1pt)" time="0.002">
                      <failure message="scala.NotImplementedError: an implementation is missing" type="sbt.ForkMain$ForkError">sbt.ForkMain$ForkError: scala.NotImplementedError: an implementation is missing
	at scala.Predef$.$qmark$qmark$qmark(Predef.scala:345)
	at codecs.EncoderInstances.stringEncoder(Codecs.scala:85)
	at codecs.EncoderInstances.stringEncoder$(Codecs.scala:73)
	at codecs.Encoder$.stringEncoder(Codecs.scala:62)
	at codecs.PersonCodecs.given_Encoder_Person(Codecs.scala:237)
	at codecs.PersonCodecs.given_Encoder_Person$(Codecs.scala:233)
	at codecs.CodecsSuite.given_Encoder_Person(CodecsSuite.scala:8)
	at codecs.CodecsSuite.$init$$$anonfun$11(CodecsSuite.scala:84)
	at scala.runtime.java8.JFunction0$mcV$sp.apply(JFunction0$mcV$sp.scala:18)
</failure>
                    </testcase><testcase classname="codecs.CodecsSuite" name="it is possible to encode and decode people (4pts)" time="0.003">
                      <failure message="java.lang.AssertionError: An exception was thrown during property evaluation: scala.NotImplementedError: an implementation is missing." type="sbt.ForkMain$ForkError">sbt.ForkMain$ForkError: java.lang.AssertionError: An exception was thrown during property evaluation: scala.NotImplementedError: an implementation is missing.
	at codecs.CodecsSuite.fail$1(CodecsSuite.scala:18)
	at codecs.CodecsSuite.checkProperty(CodecsSuite.scala:23)
	at codecs.CodecsSuite.$init$$$anonfun$12(CodecsSuite.scala:89)
	at scala.runtime.java8.JFunction0$mcV$sp.apply(JFunction0$mcV$sp.scala:18)
</failure>
                    </testcase><testcase classname="codecs.CodecsSuite" name="a 'Contacts' value should be encoded as a JSON object (1pt)" time="0.001">
                      <failure message="scala.NotImplementedError: an implementation is missing" type="sbt.ForkMain$ForkError">sbt.ForkMain$ForkError: scala.NotImplementedError: an implementation is missing
	at scala.Predef$.$qmark$qmark$qmark(Predef.scala:345)
	at codecs.ContactsCodecs.given_Encoder_Contacts(Codecs.scala:257)
	at codecs.ContactsCodecs.given_Encoder_Contacts$(Codecs.scala:251)
	at codecs.CodecsSuite.given_Encoder_Contacts(CodecsSuite.scala:8)
	at codecs.CodecsSuite.$init$$$anonfun$13(CodecsSuite.scala:97)
	at scala.runtime.java8.JFunction0$mcV$sp.apply(JFunction0$mcV$sp.scala:18)
</failure>
                    </testcase><testcase classname="codecs.CodecsSuite" name="it is possible to encode and decode contacts (4pts)" time="0.002">
                      <failure message="java.lang.AssertionError: An exception was thrown during property evaluation: scala.NotImplementedError: an implementation is missing." type="sbt.ForkMain$ForkError">sbt.ForkMain$ForkError: java.lang.AssertionError: An exception was thrown during property evaluation: scala.NotImplementedError: an implementation is missing.
	at codecs.CodecsSuite.fail$1(CodecsSuite.scala:18)
	at codecs.CodecsSuite.checkProperty(CodecsSuite.scala:23)
	at codecs.CodecsSuite.$init$$$anonfun$14(CodecsSuite.scala:103)
	at scala.runtime.java8.JFunction0$mcV$sp.apply(JFunction0$mcV$sp.scala:18)
</failure>
                    </testcase>
          <system-out><![CDATA[]]></system-out>
          <system-err><![CDATA[]]></system-err>
        </testsuite>